13:24:02  INFO  manager.ApplicationManager - Tests starts
13:25:10  INFO  tests_trello.TestBase - Start test--->loginTest1
13:25:10  INFO  manager.MyListener - The element with locator---By.cssSelector: [data-test-id='header-member-menu-button'
13:25:10  INFO  manager.MyListener - The element with locator---By.cssSelector: [data-test-id='header-member-menu-button' --- was found
13:25:10  INFO  manager.MyListener - The element with locator---By.cssSelector: [data-test-id='header-member-menu-button'
13:25:10  INFO  manager.MyListener - The element with locator---By.cssSelector: [data-test-id='header-member-menu-button' --- was found
13:25:10  INFO  manager.MyListener - The element with locator---By.cssSelector: [data-test-id='header-member-menu-logout']
13:25:10  INFO  manager.MyListener - The element with locator---By.cssSelector: [data-test-id='header-member-menu-logout'] --- was found
13:25:11  INFO  manager.MyListener - The element with locator---By.cssSelector: [data-testid='logout-button']
13:25:11  INFO  manager.MyListener - The element with locator---By.cssSelector: [data-testid='logout-button'] --- was found
13:25:12  INFO  tests_trello.TestBase - Test Login Positive 1juliakliot.jk@gmail.com misha240613
13:25:12  INFO  manager.MyListener - The element with locator---By.cssSelector: [href='/login']
13:25:16  INFO  manager.MyListener - The element with locator---By.cssSelector: [href='/login'] --- was found
13:25:16  INFO  manager.MyListener - The element with locator---By.cssSelector: #user
13:25:17  INFO  manager.MyListener - The element with locator---By.cssSelector: #user --- was found
13:25:17  INFO  manager.MyListener - The element with locator---By.cssSelector: #user
13:25:17  INFO  manager.MyListener - The element with locator---By.cssSelector: #user --- was found
13:25:17  INFO  manager.MyListener - The element with locator---By.cssSelector: #user
13:25:17  INFO  manager.MyListener - The element with locator---By.cssSelector: #user --- was found
13:25:22  INFO  manager.MyListener - The element with locator---By.cssSelector: #login
13:25:22  INFO  manager.MyListener - The element with locator---By.cssSelector: #login --- was found
13:25:23  INFO  manager.MyListener - The element with locator---By.name: password
13:25:23  INFO  manager.MyListener - The element with locator---By.name: password --- was found
13:25:23  INFO  manager.MyListener - The element with locator---By.name: password
13:25:23  INFO  manager.MyListener - The element with locator---By.name: password --- was found
13:25:23  INFO  manager.MyListener - The element with locator---By.name: password
13:25:23  INFO  manager.MyListener - The element with locator---By.name: password --- was found
13:25:23  INFO  manager.MyListener - The element with locator---By.cssSelector: #login-submit
13:25:23  INFO  manager.MyListener - The element with locator---By.cssSelector: #login-submit --- was found
13:25:23  INFO  manager.MyListener - The element with locator---By.cssSelector: [aria-label='Вернуться на главную страницу]'
13:25:33  INFO  manager.MyListener - We have a 'trowable'--no such element: Unable to locate element: {"method":"css selector","selector":"[aria-label='Вернуться на главную страницу]'"}
  (Session info: chrome=98.0.4758.102)
For documentation on this error, please visit: https://www.seleniumhq.org/exceptions/no_such_element.html
Build info: version: '3.141.59', revision: 'e82be7d358', time: '2018-11-14T08:17:03'
System info: host: 'LAPTOP-BETKQUU3', ip: '192.168.243.74', os.name: 'Windows 10', os.arch: 'amd64', os.version: '10.0', java.version: '1.8.0_301'
Driver info: org.openqa.selenium.chrome.ChromeDriver
Capabilities {acceptInsecureCerts: false, browserName: chrome, browserVersion: 98.0.4758.102, chrome: {chromedriverVersion: 98.0.4758.102 (273bf7ac8c90..., userDataDir: C:\Users\julia\AppData\Loca...}, goog:chromeOptions: {debuggerAddress: localhost:58641}, javascriptEnabled: true, networkConnectionEnabled: false, pageLoadStrategy: normal, platform: WINDOWS, platformName: WINDOWS, proxy: Proxy(), setWindowRect: true, strictFileInteractability: false, timeouts: {implicit: 0, pageLoad: 300000, script: 30000}, unhandledPromptBehavior: dismiss and notify, webauthn:extension:credBlob: true, webauthn:extension:largeBlob: true, webauthn:virtualAuthenticators: true}
Session ID: 7819cf75ce08ee303b6b44c8129d0db9
*** Element info: {Using=css selector, value=[aria-label='Вернуться на главную страницу]'}
13:25:33  INFO  manager.MyListener - org.openqa.selenium.NoSuchElementException: no such element: Unable to locate element: {"method":"css selector","selector":"[aria-label='Вернуться на главную страницу]'"}
  (Session info: chrome=98.0.4758.102)
For documentation on this error, please visit: https://www.seleniumhq.org/exceptions/no_such_element.html
Build info: version: '3.141.59', revision: 'e82be7d358', time: '2018-11-14T08:17:03'
System info: host: 'LAPTOP-BETKQUU3', ip: '192.168.243.74', os.name: 'Windows 10', os.arch: 'amd64', os.version: '10.0', java.version: '1.8.0_301'
Driver info: org.openqa.selenium.chrome.ChromeDriver
Capabilities {acceptInsecureCerts: false, browserName: chrome, browserVersion: 98.0.4758.102, chrome: {chromedriverVersion: 98.0.4758.102 (273bf7ac8c90..., userDataDir: C:\Users\julia\AppData\Loca...}, goog:chromeOptions: {debuggerAddress: localhost:58641}, javascriptEnabled: true, networkConnectionEnabled: false, pageLoadStrategy: normal, platform: WINDOWS, platformName: WINDOWS, proxy: Proxy(), setWindowRect: true, strictFileInteractability: false, timeouts: {implicit: 0, pageLoad: 300000, script: 30000}, unhandledPromptBehavior: dismiss and notify, webauthn:extension:credBlob: true, webauthn:extension:largeBlob: true, webauthn:virtualAuthenticators: true}
Session ID: 7819cf75ce08ee303b6b44c8129d0db9
*** Element info: {Using=css selector, value=[aria-label='Вернуться на главную страницу]'}
13:25:33  INFO  manager.MyListener - This is link of 'your screen' with error--scr/test/screenshots/screen1533.png
13:25:33  INFO  tests_trello.TestBase - ****************************************************************************************************************
