20:07:27  DEBUG i.g.b.wdm.cache.ResolutionCache - Resolution chrome=97 in cache (valid until 20:56:40 09/02/2022 MSK)
20:07:27  DEBUG i.g.b.wdm.cache.ResolutionCache - Resolution chrome97=97.0.4692.71 in cache (valid until 19:56:40 10/02/2022 MSK)
20:07:27  INFO  i.g.bonigarcia.wdm.WebDriverManager - Using chromedriver 97.0.4692.71 (resolved driver for Chrome 97)
20:07:27  DEBUG i.g.bonigarcia.wdm.WebDriverManager - Driver chromedriver 97.0.4692.71 found in cache
20:07:27  INFO  i.g.bonigarcia.wdm.WebDriverManager - Exporting webdriver.chrome.driver as C:\Users\julia\.cache\selenium\chromedriver\win32\97.0.4692.71\chromedriver.exe
20:07:29  INFO  manager.ApplicationManager - Tests starts
20:08:02  INFO  tests_trello.TestBase - Start test--->boardCreationTest2
20:08:02  INFO  manager.MyListener - The element with locator---By.cssSelector: .boards-page-board-section-list-item
20:08:02  INFO  manager.MyListener - The element with locator---By.cssSelector: .boards-page-board-section-list-item --- was found
20:08:02  INFO  manager.MyListener - The element with locator---By.xpath: //*[contains(@class,'icon-clock')]/../../..//li
20:08:12  INFO  manager.MyListener - The element with locator---By.xpath: //*[contains(@class,'icon-clock')]/../../..//li --- was found
20:08:12  INFO  manager.MyListener - The element with locator---By.cssSelector: [data-test-id='header-create-menu-button']
20:08:12  INFO  manager.MyListener - The element with locator---By.cssSelector: [data-test-id='header-create-menu-button'] --- was found
20:08:12  INFO  manager.MyListener - The element with locator---By.cssSelector: [aria-label='BoardIcon']
20:08:12  INFO  manager.MyListener - The element with locator---By.cssSelector: [aria-label='BoardIcon'] --- was found
20:08:12  INFO  manager.MyListener - The element with locator---By.cssSelector: [data-test-id='create-board-title-input']
20:08:12  INFO  manager.MyListener - The element with locator---By.cssSelector: [data-test-id='create-board-title-input'] --- was found
20:08:12  INFO  manager.MyListener - The element with locator---By.cssSelector: [data-test-id='create-board-title-input']
20:08:12  INFO  manager.MyListener - The element with locator---By.cssSelector: [data-test-id='create-board-title-input'] --- was found
20:08:12  INFO  manager.MyListener - The element with locator---By.cssSelector: [data-test-id='create-board-title-input']
20:08:13  INFO  manager.MyListener - The element with locator---By.cssSelector: [data-test-id='create-board-title-input'] --- was found
20:08:13  INFO  manager.MyListener - The element with locator---By.cssSelector: [data-test-id='header-create-menu-popover']
20:08:13  INFO  manager.MyListener - The element with locator---By.cssSelector: [data-test-id='header-create-menu-popover'] --- was found
20:08:13  INFO  manager.MyListener - The element with locator---By.cssSelector: [data-test-id='create-board-submit-button']
20:08:13  INFO  manager.MyListener - The element with locator---By.cssSelector: [data-test-id='create-board-submit-button'] --- was found
20:08:14  INFO  manager.MyListener - The element with locator---By.cssSelector: .js-add-list
20:08:15  INFO  manager.MyListener - The element with locator---By.cssSelector: .js-add-list --- was found
20:08:15  INFO  manager.MyListener - The element with locator---By.cssSelector: .js-add-list
20:08:15  INFO  manager.MyListener - The element with locator---By.cssSelector: .js-add-list --- was found
20:08:15  INFO  manager.MyListener - The element with locator---By.cssSelector: ._9Bfh6AVH84yAZe
20:08:15  INFO  manager.MyListener - The element with locator---By.cssSelector: ._9Bfh6AVH84yAZe --- was found
20:08:16  INFO  manager.MyListener - The element with locator---By.cssSelector: .boards-page-board-section-list-item
20:08:17  INFO  manager.MyListener - The element with locator---By.cssSelector: .boards-page-board-section-list-item --- was found
20:08:17  INFO  manager.MyListener - The element with locator---By.xpath: //*[contains(@class,'icon-clock')]/../../..//li
20:08:17  INFO  manager.MyListener - The element with locator---By.xpath: //*[contains(@class,'icon-clock')]/../../..//li --- was found
20:08:17  INFO  tests_trello.TestBase - ****************************************************************************************************************
20:08:17  INFO  tests_trello.TestBase - Start test--->boardCreationTest2
20:08:17  INFO  manager.MyListener - The element with locator---By.cssSelector: .boards-page-board-section-list-item
20:08:17  INFO  manager.MyListener - The element with locator---By.cssSelector: .boards-page-board-section-list-item --- was found
20:08:17  INFO  manager.MyListener - The element with locator---By.xpath: //*[contains(@class,'icon-clock')]/../../..//li
20:08:17  INFO  manager.MyListener - The element with locator---By.xpath: //*[contains(@class,'icon-clock')]/../../..//li --- was found
20:08:17  INFO  manager.MyListener - The element with locator---By.cssSelector: [data-test-id='header-create-menu-button']
20:08:17  INFO  manager.MyListener - The element with locator---By.cssSelector: [data-test-id='header-create-menu-button'] --- was found
20:08:17  INFO  manager.MyListener - The element with locator---By.cssSelector: [aria-label='BoardIcon']
20:08:17  INFO  manager.MyListener - The element with locator---By.cssSelector: [aria-label='BoardIcon'] --- was found
20:08:17  INFO  manager.MyListener - The element with locator---By.cssSelector: [data-test-id='create-board-title-input']
20:08:17  INFO  manager.MyListener - The element with locator---By.cssSelector: [data-test-id='create-board-title-input'] --- was found
20:08:17  INFO  manager.MyListener - The element with locator---By.cssSelector: [data-test-id='create-board-title-input']
20:08:17  INFO  manager.MyListener - The element with locator---By.cssSelector: [data-test-id='create-board-title-input'] --- was found
20:08:17  INFO  manager.MyListener - The element with locator---By.cssSelector: [data-test-id='create-board-title-input']
20:08:17  INFO  manager.MyListener - The element with locator---By.cssSelector: [data-test-id='create-board-title-input'] --- was found
20:08:17  INFO  manager.MyListener - The element with locator---By.cssSelector: [data-test-id='header-create-menu-popover']
20:08:17  INFO  manager.MyListener - The element with locator---By.cssSelector: [data-test-id='header-create-menu-popover'] --- was found
20:08:18  INFO  manager.MyListener - The element with locator---By.cssSelector: [data-test-id='create-board-submit-button']
20:08:28  INFO  manager.MyListener - We have a 'trowable'--no such element: Unable to locate element: {"method":"css selector","selector":"[data-test-id='create-board-submit-button']"}
  (Session info: chrome=97.0.4692.99)
For documentation on this error, please visit: https://www.seleniumhq.org/exceptions/no_such_element.html
Build info: version: '3.141.59', revision: 'e82be7d358', time: '2018-11-14T08:17:03'
System info: host: 'LAPTOP-BETKQUU3', ip: '192.168.243.74', os.name: 'Windows 10', os.arch: 'amd64', os.version: '10.0', java.version: '1.8.0_301'
Driver info: org.openqa.selenium.chrome.ChromeDriver
Capabilities {acceptInsecureCerts: false, browserName: chrome, browserVersion: 97.0.4692.99, chrome: {chromedriverVersion: 97.0.4692.71 (adefa7837d02a..., userDataDir: C:\Users\julia\AppData\Loca...}, goog:chromeOptions: {debuggerAddress: localhost:54660}, javascriptEnabled: true, networkConnectionEnabled: false, pageLoadStrategy: normal, platform: WINDOWS, platformName: WINDOWS, proxy: Proxy(), setWindowRect: true, strictFileInteractability: false, timeouts: {implicit: 0, pageLoad: 300000, script: 30000}, unhandledPromptBehavior: dismiss and notify, webauthn:extension:credBlob: true, webauthn:extension:largeBlob: true, webauthn:virtualAuthenticators: true}
Session ID: ebbe699e1c4e2f431b5bbe1cc481ec91
*** Element info: {Using=css selector, value=[data-test-id='create-board-submit-button']}
20:08:28  INFO  manager.MyListener - org.openqa.selenium.NoSuchElementException: no such element: Unable to locate element: {"method":"css selector","selector":"[data-test-id='create-board-submit-button']"}
  (Session info: chrome=97.0.4692.99)
For documentation on this error, please visit: https://www.seleniumhq.org/exceptions/no_such_element.html
Build info: version: '3.141.59', revision: 'e82be7d358', time: '2018-11-14T08:17:03'
System info: host: 'LAPTOP-BETKQUU3', ip: '192.168.243.74', os.name: 'Windows 10', os.arch: 'amd64', os.version: '10.0', java.version: '1.8.0_301'
Driver info: org.openqa.selenium.chrome.ChromeDriver
Capabilities {acceptInsecureCerts: false, browserName: chrome, browserVersion: 97.0.4692.99, chrome: {chromedriverVersion: 97.0.4692.71 (adefa7837d02a..., userDataDir: C:\Users\julia\AppData\Loca...}, goog:chromeOptions: {debuggerAddress: localhost:54660}, javascriptEnabled: true, networkConnectionEnabled: false, pageLoadStrategy: normal, platform: WINDOWS, platformName: WINDOWS, proxy: Proxy(), setWindowRect: true, strictFileInteractability: false, timeouts: {implicit: 0, pageLoad: 300000, script: 30000}, unhandledPromptBehavior: dismiss and notify, webauthn:extension:credBlob: true, webauthn:extension:largeBlob: true, webauthn:virtualAuthenticators: true}
Session ID: ebbe699e1c4e2f431b5bbe1cc481ec91
*** Element info: {Using=css selector, value=[data-test-id='create-board-submit-button']}
20:08:28  INFO  manager.MyListener - This is link of 'your screen' with error--scr/test/screenshots/screen508.png
20:08:28  INFO  tests_trello.TestBase - ****************************************************************************************************************
20:08:28  INFO  tests_trello.TestBase - Start test--->boardCreationTest2
20:08:28  INFO  manager.MyListener - The element with locator---By.cssSelector: .boards-page-board-section-list-item
20:08:28  INFO  manager.MyListener - The element with locator---By.cssSelector: .boards-page-board-section-list-item --- was found
20:08:28  INFO  manager.MyListener - The element with locator---By.xpath: //*[contains(@class,'icon-clock')]/../../..//li
20:08:28  INFO  manager.MyListener - The element with locator---By.xpath: //*[contains(@class,'icon-clock')]/../../..//li --- was found
20:08:28  INFO  manager.MyListener - The element with locator---By.cssSelector: [data-test-id='header-create-menu-button']
20:08:28  INFO  manager.MyListener - The element with locator---By.cssSelector: [data-test-id='header-create-menu-button'] --- was found
20:08:28  INFO  manager.MyListener - The element with locator---By.cssSelector: [aria-label='BoardIcon']
20:08:28  INFO  manager.MyListener - The element with locator---By.cssSelector: [aria-label='BoardIcon'] --- was found
20:08:28  INFO  manager.MyListener - The element with locator---By.cssSelector: [data-test-id='create-board-title-input']
20:08:28  INFO  manager.MyListener - The element with locator---By.cssSelector: [data-test-id='create-board-title-input'] --- was found
20:08:29  INFO  manager.MyListener - The element with locator---By.cssSelector: [data-test-id='create-board-title-input']
20:08:29  INFO  manager.MyListener - The element with locator---By.cssSelector: [data-test-id='create-board-title-input'] --- was found
20:08:29  INFO  manager.MyListener - The element with locator---By.cssSelector: [data-test-id='create-board-title-input']
20:08:29  INFO  manager.MyListener - The element with locator---By.cssSelector: [data-test-id='create-board-title-input'] --- was found
20:08:29  INFO  manager.MyListener - The element with locator---By.cssSelector: [data-test-id='header-create-menu-popover']
20:08:29  INFO  manager.MyListener - The element with locator---By.cssSelector: [data-test-id='header-create-menu-popover'] --- was found
20:08:29  INFO  manager.MyListener - We have a 'trowable'--move target out of bounds
  (Session info: chrome=97.0.4692.99)
Build info: version: '3.141.59', revision: 'e82be7d358', time: '2018-11-14T08:17:03'
System info: host: 'LAPTOP-BETKQUU3', ip: '192.168.243.74', os.name: 'Windows 10', os.arch: 'amd64', os.version: '10.0', java.version: '1.8.0_301'
Driver info: org.openqa.selenium.chrome.ChromeDriver
Capabilities {acceptInsecureCerts: false, browserName: chrome, browserVersion: 97.0.4692.99, chrome: {chromedriverVersion: 97.0.4692.71 (adefa7837d02a..., userDataDir: C:\Users\julia\AppData\Loca...}, goog:chromeOptions: {debuggerAddress: localhost:54660}, javascriptEnabled: true, networkConnectionEnabled: false, pageLoadStrategy: normal, platform: WINDOWS, platformName: WINDOWS, proxy: Proxy(), setWindowRect: true, strictFileInteractability: false, timeouts: {implicit: 0, pageLoad: 300000, script: 30000}, unhandledPromptBehavior: dismiss and notify, webauthn:extension:credBlob: true, webauthn:extension:largeBlob: true, webauthn:virtualAuthenticators: true}
Session ID: ebbe699e1c4e2f431b5bbe1cc481ec91
20:08:29  INFO  manager.MyListener - org.openqa.selenium.interactions.MoveTargetOutOfBoundsException: move target out of bounds
  (Session info: chrome=97.0.4692.99)
Build info: version: '3.141.59', revision: 'e82be7d358', time: '2018-11-14T08:17:03'
System info: host: 'LAPTOP-BETKQUU3', ip: '192.168.243.74', os.name: 'Windows 10', os.arch: 'amd64', os.version: '10.0', java.version: '1.8.0_301'
Driver info: org.openqa.selenium.chrome.ChromeDriver
Capabilities {acceptInsecureCerts: false, browserName: chrome, browserVersion: 97.0.4692.99, chrome: {chromedriverVersion: 97.0.4692.71 (adefa7837d02a..., userDataDir: C:\Users\julia\AppData\Loca...}, goog:chromeOptions: {debuggerAddress: localhost:54660}, javascriptEnabled: true, networkConnectionEnabled: false, pageLoadStrategy: normal, platform: WINDOWS, platformName: WINDOWS, proxy: Proxy(), setWindowRect: true, strictFileInteractability: false, timeouts: {implicit: 0, pageLoad: 300000, script: 30000}, unhandledPromptBehavior: dismiss and notify, webauthn:extension:credBlob: true, webauthn:extension:largeBlob: true, webauthn:virtualAuthenticators: true}
Session ID: ebbe699e1c4e2f431b5bbe1cc481ec91
20:08:29  INFO  manager.MyListener - This is link of 'your screen' with error--scr/test/screenshots/screen509.png
20:08:29  INFO  tests_trello.TestBase - ****************************************************************************************************************
20:08:29  INFO  manager.ApplicationManager - Tests are finished
