23:46:01  INFO  manager.ApplicationManager - Tests starts
23:47:11  INFO  tests_trello.TestBase - Start test--->boardCreationTestNew
23:47:11  INFO  tests_trello.TestBase - Board creation : --->Board(title=testQa31)
23:47:11  INFO  manager.MyListener - The element with locator---By.cssSelector: .boards-page-board-section-list-item
23:47:11  INFO  manager.MyListener - The element with locator---By.cssSelector: .boards-page-board-section-list-item --- was found
23:47:11  INFO  manager.MyListener - The element with locator---By.xpath: //*[contains(@class,'icon-clock')]/../../..//li
23:47:22  INFO  manager.MyListener - The element with locator---By.xpath: //*[contains(@class,'icon-clock')]/../../..//li --- was found
23:47:22  INFO  manager.MyListener - The element with locator---By.cssSelector: [data-test-id='header-create-menu-button']
23:47:22  INFO  manager.MyListener - The element with locator---By.cssSelector: [data-test-id='header-create-menu-button'] --- was found
23:47:22  INFO  manager.MyListener - The element with locator---By.cssSelector: [aria-label='BoardIcon']
23:47:22  INFO  manager.MyListener - The element with locator---By.cssSelector: [aria-label='BoardIcon'] --- was found
23:47:22  INFO  manager.MyListener - The element with locator---By.cssSelector: [data-test-id='create-board-title-input']
23:47:22  INFO  manager.MyListener - The element with locator---By.cssSelector: [data-test-id='create-board-title-input'] --- was found
23:47:22  INFO  manager.MyListener - The element with locator---By.cssSelector: [data-test-id='create-board-title-input']
23:47:22  INFO  manager.MyListener - The element with locator---By.cssSelector: [data-test-id='create-board-title-input'] --- was found
23:47:23  INFO  manager.MyListener - The element with locator---By.cssSelector: [data-test-id='create-board-title-input']
23:47:23  INFO  manager.MyListener - The element with locator---By.cssSelector: [data-test-id='create-board-title-input'] --- was found
23:47:23  INFO  manager.MyListener - The element with locator---By.cssSelector: [data-test-id='header-create-menu-popover']
23:47:24  INFO  manager.MyListener - The element with locator---By.cssSelector: [data-test-id='header-create-menu-popover'] --- was found
23:47:24  INFO  manager.MyListener - The element with locator---By.cssSelector: [data-test-id='create-board-submit-button']
23:47:24  INFO  manager.MyListener - The element with locator---By.cssSelector: [data-test-id='create-board-submit-button'] --- was found
23:47:29  INFO  manager.MyListener - The element with locator---By.cssSelector: ._2ft40Nx3NZII2i
23:47:29  INFO  manager.MyListener - The element with locator---By.cssSelector: ._2ft40Nx3NZII2i --- was found
23:47:29  INFO  manager.MyListener - The element with locator---By.cssSelector: .boards-page-board-section-list-item
23:47:30  INFO  manager.MyListener - The element with locator---By.cssSelector: .boards-page-board-section-list-item --- was found
23:47:30  INFO  manager.MyListener - The element with locator---By.xpath: //*[contains(@class,'icon-clock')]/../../..//li
23:47:30  INFO  manager.MyListener - The element with locator---By.xpath: //*[contains(@class,'icon-clock')]/../../..//li --- was found
23:47:30  INFO  tests_trello.TestBase - ****************************************************************************************************************
