20:26:41  DEBUG i.g.b.wdm.cache.ResolutionCache - Resolution chrome=97 in cache (valid until 20:56:40 09/02/2022 MSK)
20:26:41  DEBUG i.g.b.wdm.cache.ResolutionCache - Resolution chrome97=97.0.4692.71 in cache (valid until 19:56:40 10/02/2022 MSK)
20:26:41  INFO  i.g.bonigarcia.wdm.WebDriverManager - Using chromedriver 97.0.4692.71 (resolved driver for Chrome 97)
20:26:41  DEBUG i.g.bonigarcia.wdm.WebDriverManager - Driver chromedriver 97.0.4692.71 found in cache
20:26:41  INFO  i.g.bonigarcia.wdm.WebDriverManager - Exporting webdriver.chrome.driver as C:\Users\julia\.cache\selenium\chromedriver\win32\97.0.4692.71\chromedriver.exe
20:26:43  INFO  manager.ApplicationManager - Tests starts
20:27:15  INFO  tests_trello.TestBase - Start test--->testChangeAvatar
20:27:15  INFO  manager.MyListener - The element with locator---By.cssSelector: [data-test-id='header-member-menu-button'
20:27:15  INFO  manager.MyListener - The element with locator---By.cssSelector: [data-test-id='header-member-menu-button' --- was found
20:27:15  INFO  manager.MyListener - The element with locator---By.cssSelector: [data-test-id='header-member-menu-profile']
20:27:15  INFO  manager.MyListener - The element with locator---By.cssSelector: [data-test-id='header-member-menu-profile'] --- was found
20:27:15  INFO  manager.MyListener - The element with locator---By.cssSelector: [href$='manage-profile']
20:27:16  INFO  manager.MyListener - The element with locator---By.cssSelector: [href$='manage-profile'] --- was found
20:27:23  INFO  manager.MyListener - The element with locator---By.cssSelector: [data-test-selector='profile-hover-info']
20:27:23  INFO  manager.MyListener - The element with locator---By.cssSelector: [data-test-selector='profile-hover-info'] --- was found
20:27:23  INFO  manager.MyListener - The element with locator---By.cssSelector: .css-1ujqpe8
20:27:23  INFO  manager.MyListener - The element with locator---By.cssSelector: .css-1ujqpe8 --- was found
20:27:24  INFO  manager.MyListener - The element with locator---By.cssSelector: //*[@role='menuitem'] [1]
20:27:24  INFO  manager.MyListener - We have a 'trowable'--invalid selector: An invalid or illegal selector was specified
  (Session info: chrome=97.0.4692.99)
For documentation on this error, please visit: https://www.seleniumhq.org/exceptions/invalid_selector_exception.html
Build info: version: '3.141.59', revision: 'e82be7d358', time: '2018-11-14T08:17:03'
System info: host: 'LAPTOP-BETKQUU3', ip: '192.168.243.74', os.name: 'Windows 10', os.arch: 'amd64', os.version: '10.0', java.version: '1.8.0_301'
Driver info: org.openqa.selenium.chrome.ChromeDriver
Capabilities {acceptInsecureCerts: false, browserName: chrome, browserVersion: 97.0.4692.99, chrome: {chromedriverVersion: 97.0.4692.71 (adefa7837d02a..., userDataDir: C:\Users\julia\AppData\Loca...}, goog:chromeOptions: {debuggerAddress: localhost:49657}, javascriptEnabled: true, networkConnectionEnabled: false, pageLoadStrategy: normal, platform: WINDOWS, platformName: WINDOWS, proxy: Proxy(), setWindowRect: true, strictFileInteractability: false, timeouts: {implicit: 0, pageLoad: 300000, script: 30000}, unhandledPromptBehavior: dismiss and notify, webauthn:extension:credBlob: true, webauthn:extension:largeBlob: true, webauthn:virtualAuthenticators: true}
Session ID: ecd9cc7169b4062f7241e14c7509c1b9
*** Element info: {Using=css selector, value=//*[@role='menuitem'] [1]}
20:27:24  INFO  manager.MyListener - org.openqa.selenium.InvalidSelectorException: invalid selector: An invalid or illegal selector was specified
  (Session info: chrome=97.0.4692.99)
For documentation on this error, please visit: https://www.seleniumhq.org/exceptions/invalid_selector_exception.html
Build info: version: '3.141.59', revision: 'e82be7d358', time: '2018-11-14T08:17:03'
System info: host: 'LAPTOP-BETKQUU3', ip: '192.168.243.74', os.name: 'Windows 10', os.arch: 'amd64', os.version: '10.0', java.version: '1.8.0_301'
Driver info: org.openqa.selenium.chrome.ChromeDriver
Capabilities {acceptInsecureCerts: false, browserName: chrome, browserVersion: 97.0.4692.99, chrome: {chromedriverVersion: 97.0.4692.71 (adefa7837d02a..., userDataDir: C:\Users\julia\AppData\Loca...}, goog:chromeOptions: {debuggerAddress: localhost:49657}, javascriptEnabled: true, networkConnectionEnabled: false, pageLoadStrategy: normal, platform: WINDOWS, platformName: WINDOWS, proxy: Proxy(), setWindowRect: true, strictFileInteractability: false, timeouts: {implicit: 0, pageLoad: 300000, script: 30000}, unhandledPromptBehavior: dismiss and notify, webauthn:extension:credBlob: true, webauthn:extension:largeBlob: true, webauthn:virtualAuthenticators: true}
Session ID: ecd9cc7169b4062f7241e14c7509c1b9
*** Element info: {Using=css selector, value=//*[@role='menuitem'] [1]}
20:27:24  INFO  manager.MyListener - This is link of 'your screen' with error--scr/test/screenshots/screen1644.png
20:27:24  INFO  tests_trello.TestBase - ****************************************************************************************************************
20:27:24  INFO  manager.ApplicationManager - Tests are finished
