12:56:37  INFO  manager.ApplicationManager - Tests starts
12:57:08  INFO  tests_trello.TestBase - Start test--->loginTest1
12:57:08  INFO  manager.MyListener - The element with locator---By.cssSelector: [data-test-id='header-member-menu-button'
12:57:08  INFO  manager.MyListener - The element with locator---By.cssSelector: [data-test-id='header-member-menu-button' --- was found
12:57:08  INFO  manager.MyListener - The element with locator---By.cssSelector: [data-test-id='header-member-menu-button'
12:57:08  INFO  manager.MyListener - The element with locator---By.cssSelector: [data-test-id='header-member-menu-button' --- was found
12:57:08  INFO  manager.MyListener - The element with locator---By.cssSelector: [data-test-id='header-member-menu-logout']
12:57:08  INFO  manager.MyListener - The element with locator---By.cssSelector: [data-test-id='header-member-menu-logout'] --- was found
12:57:09  INFO  manager.MyListener - The element with locator---By.cssSelector: [data-testid='logout-button']
12:57:09  INFO  manager.MyListener - The element with locator---By.cssSelector: [data-testid='logout-button'] --- was found
12:57:10  INFO  tests_trello.TestBase - Test Login Positive 1juliakliot.jk@gmail.com misha240613
12:57:10  INFO  manager.MyListener - The element with locator---By.cssSelector: [href='/login']
12:57:13  INFO  manager.MyListener - The element with locator---By.cssSelector: [href='/login'] --- was found
12:57:14  INFO  manager.MyListener - The element with locator---By.cssSelector: #user
12:57:14  INFO  manager.MyListener - The element with locator---By.cssSelector: #user --- was found
12:57:14  INFO  manager.MyListener - The element with locator---By.cssSelector: #user
12:57:14  INFO  manager.MyListener - The element with locator---By.cssSelector: #user --- was found
12:57:14  INFO  manager.MyListener - The element with locator---By.cssSelector: #user
12:57:14  INFO  manager.MyListener - The element with locator---By.cssSelector: #user --- was found
12:57:19  INFO  manager.MyListener - The element with locator---By.cssSelector: #login
12:57:20  INFO  manager.MyListener - The element with locator---By.cssSelector: #login --- was found
12:57:20  INFO  manager.MyListener - The element with locator---By.name: password
12:57:20  INFO  manager.MyListener - The element with locator---By.name: password --- was found
12:57:21  INFO  manager.MyListener - The element with locator---By.name: password
12:57:21  INFO  manager.MyListener - The element with locator---By.name: password --- was found
12:57:21  INFO  manager.MyListener - The element with locator---By.name: password
12:57:21  INFO  manager.MyListener - The element with locator---By.name: password --- was found
12:57:21  INFO  manager.MyListener - The element with locator---By.cssSelector: #login-submit
12:57:21  INFO  manager.MyListener - The element with locator---By.cssSelector: #login-submit --- was found
12:57:21  INFO  manager.MyListener - The element with locator---By.cssSelector: [data-test-id='data-test-id']
12:57:31  INFO  manager.MyListener - We have a 'trowable'--no such element: Unable to locate element: {"method":"css selector","selector":"[data-test-id='data-test-id']"}
  (Session info: chrome=98.0.4758.102)
For documentation on this error, please visit: https://www.seleniumhq.org/exceptions/no_such_element.html
Build info: version: '3.141.59', revision: 'e82be7d358', time: '2018-11-14T08:17:03'
System info: host: 'LAPTOP-BETKQUU3', ip: '192.168.243.74', os.name: 'Windows 10', os.arch: 'amd64', os.version: '10.0', java.version: '1.8.0_301'
Driver info: org.openqa.selenium.chrome.ChromeDriver
Capabilities {acceptInsecureCerts: false, browserName: chrome, browserVersion: 98.0.4758.102, chrome: {chromedriverVersion: 98.0.4758.102 (273bf7ac8c90..., userDataDir: C:\Users\julia\AppData\Loca...}, goog:chromeOptions: {debuggerAddress: localhost:50080}, javascriptEnabled: true, networkConnectionEnabled: false, pageLoadStrategy: normal, platform: WINDOWS, platformName: WINDOWS, proxy: Proxy(), setWindowRect: true, strictFileInteractability: false, timeouts: {implicit: 0, pageLoad: 300000, script: 30000}, unhandledPromptBehavior: dismiss and notify, webauthn:extension:credBlob: true, webauthn:extension:largeBlob: true, webauthn:virtualAuthenticators: true}
Session ID: 55ccaba7032d3ae1bf41fa3a20f1bf18
*** Element info: {Using=css selector, value=[data-test-id='data-test-id']}
12:57:31  INFO  manager.MyListener - org.openqa.selenium.NoSuchElementException: no such element: Unable to locate element: {"method":"css selector","selector":"[data-test-id='data-test-id']"}
  (Session info: chrome=98.0.4758.102)
For documentation on this error, please visit: https://www.seleniumhq.org/exceptions/no_such_element.html
Build info: version: '3.141.59', revision: 'e82be7d358', time: '2018-11-14T08:17:03'
System info: host: 'LAPTOP-BETKQUU3', ip: '192.168.243.74', os.name: 'Windows 10', os.arch: 'amd64', os.version: '10.0', java.version: '1.8.0_301'
Driver info: org.openqa.selenium.chrome.ChromeDriver
Capabilities {acceptInsecureCerts: false, browserName: chrome, browserVersion: 98.0.4758.102, chrome: {chromedriverVersion: 98.0.4758.102 (273bf7ac8c90..., userDataDir: C:\Users\julia\AppData\Loca...}, goog:chromeOptions: {debuggerAddress: localhost:50080}, javascriptEnabled: true, networkConnectionEnabled: false, pageLoadStrategy: normal, platform: WINDOWS, platformName: WINDOWS, proxy: Proxy(), setWindowRect: true, strictFileInteractability: false, timeouts: {implicit: 0, pageLoad: 300000, script: 30000}, unhandledPromptBehavior: dismiss and notify, webauthn:extension:credBlob: true, webauthn:extension:largeBlob: true, webauthn:virtualAuthenticators: true}
Session ID: 55ccaba7032d3ae1bf41fa3a20f1bf18
*** Element info: {Using=css selector, value=[data-test-id='data-test-id']}
12:57:31  INFO  manager.MyListener - This is link of 'your screen' with error--scr/test/screenshots/screen3451.png
12:57:31  INFO  tests_trello.TestBase - ****************************************************************************************************************
12:57:31  INFO  manager.ApplicationManager - Tests are finished
