10:53:53  DEBUG i.g.b.wdm.cache.ResolutionCache - Resolution chrome=98 in cache (valid until 11:48:26 20/02/2022 MSK)
10:53:53  DEBUG i.g.b.wdm.cache.ResolutionCache - Resolution chrome98=98.0.4758.102 in cache (valid until 10:48:26 21/02/2022 MSK)
10:53:53  INFO  i.g.bonigarcia.wdm.WebDriverManager - Using chromedriver 98.0.4758.102 (resolved driver for Chrome 98)
10:53:53  DEBUG i.g.bonigarcia.wdm.WebDriverManager - Driver chromedriver 98.0.4758.102 found in cache
10:53:53  INFO  i.g.bonigarcia.wdm.WebDriverManager - Exporting webdriver.chrome.driver as C:\Users\julia\.cache\selenium\chromedriver\win32\98.0.4758.102\chromedriver.exe
10:53:54  INFO  manager.ApplicationManager - Tests starts
10:55:06  INFO  tests_trello.TestBase - Start test--->boardCreationTestNew
10:55:06  INFO  tests_trello.TestBase - Board creation : --->Board(title=testQa31)
10:55:06  INFO  manager.MyListener - The element with locator---By.cssSelector: .boards-page-board-section-list-item
10:55:06  INFO  manager.MyListener - The element with locator---By.cssSelector: .boards-page-board-section-list-item --- was found
10:55:06  INFO  manager.MyListener - The element with locator---By.xpath: //*[contains(@class,'icon-clock')]/../../..//li
10:55:16  INFO  manager.MyListener - The element with locator---By.xpath: //*[contains(@class,'icon-clock')]/../../..//li --- was found
10:55:16  INFO  manager.MyListener - The element with locator---By.cssSelector: [data-test-id='header-create-menu-button']
10:55:16  INFO  manager.MyListener - The element with locator---By.cssSelector: [data-test-id='header-create-menu-button'] --- was found
10:55:16  INFO  manager.MyListener - The element with locator---By.cssSelector: [aria-label='BoardIcon']
10:55:16  INFO  manager.MyListener - The element with locator---By.cssSelector: [aria-label='BoardIcon'] --- was found
10:55:16  INFO  manager.MyListener - The element with locator---By.cssSelector: [data-test-id='create-board-title-input']
10:55:16  INFO  manager.MyListener - The element with locator---By.cssSelector: [data-test-id='create-board-title-input'] --- was found
10:55:16  INFO  manager.MyListener - The element with locator---By.cssSelector: [data-test-id='create-board-title-input']
10:55:16  INFO  manager.MyListener - The element with locator---By.cssSelector: [data-test-id='create-board-title-input'] --- was found
10:55:16  INFO  manager.MyListener - The element with locator---By.cssSelector: [data-test-id='create-board-title-input']
10:55:16  INFO  manager.MyListener - The element with locator---By.cssSelector: [data-test-id='create-board-title-input'] --- was found
10:55:16  INFO  manager.MyListener - The element with locator---By.cssSelector: [data-test-id='header-create-menu-popover']
10:55:16  INFO  manager.MyListener - The element with locator---By.cssSelector: [data-test-id='header-create-menu-popover'] --- was found
10:55:17  INFO  manager.MyListener - The element with locator---By.cssSelector: [data-test-id='create-board-submit-button']
10:55:17  INFO  manager.MyListener - The element with locator---By.cssSelector: [data-test-id='create-board-submit-button'] --- was found
10:55:17  INFO  manager.MyListener - The element with locator---By.cssSelector: .js-add-list
10:55:27  INFO  manager.MyListener - We have a 'trowable'--no such element: Unable to locate element: {"method":"css selector","selector":".js-add-list"}
  (Session info: chrome=98.0.4758.102)
For documentation on this error, please visit: https://www.seleniumhq.org/exceptions/no_such_element.html
Build info: version: '3.141.59', revision: 'e82be7d358', time: '2018-11-14T08:17:03'
System info: host: 'LAPTOP-BETKQUU3', ip: '192.168.243.74', os.name: 'Windows 10', os.arch: 'amd64', os.version: '10.0', java.version: '1.8.0_301'
Driver info: org.openqa.selenium.chrome.ChromeDriver
Capabilities {acceptInsecureCerts: false, browserName: chrome, browserVersion: 98.0.4758.102, chrome: {chromedriverVersion: 98.0.4758.102 (273bf7ac8c90..., userDataDir: C:\Users\julia\AppData\Loca...}, goog:chromeOptions: {debuggerAddress: localhost:65430}, javascriptEnabled: true, networkConnectionEnabled: false, pageLoadStrategy: normal, platform: WINDOWS, platformName: WINDOWS, proxy: Proxy(), setWindowRect: true, strictFileInteractability: false, timeouts: {implicit: 0, pageLoad: 300000, script: 30000}, unhandledPromptBehavior: dismiss and notify, webauthn:extension:credBlob: true, webauthn:extension:largeBlob: true, webauthn:virtualAuthenticators: true}
Session ID: ce66d29bbcd3a5469f12d9bd585377a3
*** Element info: {Using=css selector, value=.js-add-list}
10:55:27  INFO  manager.MyListener - org.openqa.selenium.NoSuchElementException: no such element: Unable to locate element: {"method":"css selector","selector":".js-add-list"}
  (Session info: chrome=98.0.4758.102)
For documentation on this error, please visit: https://www.seleniumhq.org/exceptions/no_such_element.html
Build info: version: '3.141.59', revision: 'e82be7d358', time: '2018-11-14T08:17:03'
System info: host: 'LAPTOP-BETKQUU3', ip: '192.168.243.74', os.name: 'Windows 10', os.arch: 'amd64', os.version: '10.0', java.version: '1.8.0_301'
Driver info: org.openqa.selenium.chrome.ChromeDriver
Capabilities {acceptInsecureCerts: false, browserName: chrome, browserVersion: 98.0.4758.102, chrome: {chromedriverVersion: 98.0.4758.102 (273bf7ac8c90..., userDataDir: C:\Users\julia\AppData\Loca...}, goog:chromeOptions: {debuggerAddress: localhost:65430}, javascriptEnabled: true, networkConnectionEnabled: false, pageLoadStrategy: normal, platform: WINDOWS, platformName: WINDOWS, proxy: Proxy(), setWindowRect: true, strictFileInteractability: false, timeouts: {implicit: 0, pageLoad: 300000, script: 30000}, unhandledPromptBehavior: dismiss and notify, webauthn:extension:credBlob: true, webauthn:extension:largeBlob: true, webauthn:virtualAuthenticators: true}
Session ID: ce66d29bbcd3a5469f12d9bd585377a3
*** Element info: {Using=css selector, value=.js-add-list}
10:55:27  INFO  manager.MyListener - This is link of 'your screen' with error--scr/test/screenshots/screen3327.png
10:55:27  INFO  tests_trello.TestBase - ****************************************************************************************************************
10:55:27  INFO  manager.ApplicationManager - Tests are finished
