13:43:38  INFO  manager.ApplicationManager - Tests starts
13:44:09  INFO  tests_trello.TestBase - Start test--->boardCreationTestNew
13:44:09  INFO  tests_trello.TestBase - Board creation : --->Board(title=testQa31)
13:44:09  INFO  manager.MyListener - The element with locator---By.cssSelector: .boards-page-board-section-list-item
13:44:09  INFO  manager.MyListener - The element with locator---By.cssSelector: .boards-page-board-section-list-item --- was found
13:44:09  INFO  manager.MyListener - The element with locator---By.xpath: //*[contains(@class,'icon-clock')]/../../..//li
13:44:19  INFO  manager.MyListener - The element with locator---By.xpath: //*[contains(@class,'icon-clock')]/../../..//li --- was found
13:44:19  INFO  manager.MyListener - The element with locator---By.cssSelector: [data-test-id='header-create-menu-button']
13:44:19  INFO  manager.MyListener - The element with locator---By.cssSelector: [data-test-id='header-create-menu-button'] --- was found
13:44:19  INFO  manager.MyListener - The element with locator---By.cssSelector: [aria-label='BoardIcon']
13:44:19  INFO  manager.MyListener - The element with locator---By.cssSelector: [aria-label='BoardIcon'] --- was found
13:44:19  INFO  manager.MyListener - The element with locator---By.cssSelector: [data-test-id='create-board-title-input']
13:44:19  INFO  manager.MyListener - The element with locator---By.cssSelector: [data-test-id='create-board-title-input'] --- was found
13:44:19  INFO  manager.MyListener - The element with locator---By.cssSelector: [data-test-id='create-board-title-input']
13:44:19  INFO  manager.MyListener - The element with locator---By.cssSelector: [data-test-id='create-board-title-input'] --- was found
13:44:19  INFO  manager.MyListener - The element with locator---By.cssSelector: [data-test-id='create-board-title-input']
13:44:19  INFO  manager.MyListener - The element with locator---By.cssSelector: [data-test-id='create-board-title-input'] --- was found
13:44:20  INFO  manager.MyListener - The element with locator---By.cssSelector: [data-test-id='header-create-menu-popover']
13:44:20  INFO  manager.MyListener - The element with locator---By.cssSelector: [data-test-id='header-create-menu-popover'] --- was found
13:44:20  INFO  manager.MyListener - The element with locator---By.cssSelector: [data-test-id='create-board-submit-button']
13:44:20  INFO  manager.MyListener - The element with locator---By.cssSelector: [data-test-id='create-board-submit-button'] --- was found
13:44:25  INFO  manager.MyListener - The element with locator---By.cssSelector: ._2ft40Nx3NZII2i
13:44:25  INFO  manager.MyListener - The element with locator---By.cssSelector: ._2ft40Nx3NZII2i --- was found
13:44:25  INFO  manager.MyListener - The element with locator---By.cssSelector: .boards-page-board-section-list-item
13:44:25  INFO  manager.MyListener - The element with locator---By.cssSelector: .boards-page-board-section-list-item --- was found
13:44:25  INFO  manager.MyListener - The element with locator---By.xpath: //*[contains(@class,'icon-clock')]/../../..//li
13:44:35  INFO  manager.MyListener - The element with locator---By.xpath: //*[contains(@class,'icon-clock')]/../../..//li --- was found
13:44:35  INFO  tests_trello.TestBase - ****************************************************************************************************************
