13:34:43  INFO  manager.ApplicationManager - Tests starts
13:35:51  INFO  tests_trello.TestBase - Start test--->boardCreationTestNew
13:35:51  INFO  tests_trello.TestBase - Board creation : --->Board(title=testQa31)
13:35:51  INFO  manager.MyListener - The element with locator---By.cssSelector: .boards-page-board-section-list-item
13:35:51  INFO  manager.MyListener - The element with locator---By.cssSelector: .boards-page-board-section-list-item --- was found
13:35:51  INFO  manager.MyListener - The element with locator---By.xpath: //*[contains(@class,'icon-clock')]/../../..//li
13:36:01  INFO  manager.MyListener - The element with locator---By.xpath: //*[contains(@class,'icon-clock')]/../../..//li --- was found
13:36:01  INFO  manager.MyListener - The element with locator---By.cssSelector: [data-test-id='header-create-menu-button']
13:36:01  INFO  manager.MyListener - The element with locator---By.cssSelector: [data-test-id='header-create-menu-button'] --- was found
13:36:01  INFO  manager.MyListener - The element with locator---By.cssSelector: [aria-label='BoardIcon']
13:36:01  INFO  manager.MyListener - The element with locator---By.cssSelector: [aria-label='BoardIcon'] --- was found
13:36:01  INFO  manager.MyListener - The element with locator---By.cssSelector: [data-test-id='create-board-title-input']
13:36:01  INFO  manager.MyListener - The element with locator---By.cssSelector: [data-test-id='create-board-title-input'] --- was found
13:36:01  INFO  manager.MyListener - The element with locator---By.cssSelector: [data-test-id='create-board-title-input']
13:36:01  INFO  manager.MyListener - The element with locator---By.cssSelector: [data-test-id='create-board-title-input'] --- was found
13:36:01  INFO  manager.MyListener - The element with locator---By.cssSelector: [data-test-id='create-board-title-input']
13:36:01  INFO  manager.MyListener - The element with locator---By.cssSelector: [data-test-id='create-board-title-input'] --- was found
13:36:01  INFO  manager.MyListener - The element with locator---By.cssSelector: [data-test-id='header-create-menu-popover']
13:36:01  INFO  manager.MyListener - The element with locator---By.cssSelector: [data-test-id='header-create-menu-popover'] --- was found
13:36:02  INFO  manager.MyListener - The element with locator---By.cssSelector: [data-test-id='create-board-submit-button']
13:36:02  INFO  manager.MyListener - The element with locator---By.cssSelector: [data-test-id='create-board-submit-button'] --- was found
13:36:07  INFO  manager.MyListener - The element with locator---By.cssSelector: .icon-sm icon-add
13:36:17  INFO  manager.MyListener - We have a 'trowable'--no such element: Unable to locate element: {"method":"css selector","selector":".icon-sm icon-add"}
  (Session info: chrome=98.0.4758.102)
For documentation on this error, please visit: https://www.seleniumhq.org/exceptions/no_such_element.html
Build info: version: '3.141.59', revision: 'e82be7d358', time: '2018-11-14T08:17:03'
System info: host: 'LAPTOP-BETKQUU3', ip: '192.168.243.74', os.name: 'Windows 10', os.arch: 'amd64', os.version: '10.0', java.version: '1.8.0_301'
Driver info: org.openqa.selenium.chrome.ChromeDriver
Capabilities {acceptInsecureCerts: false, browserName: chrome, browserVersion: 98.0.4758.102, chrome: {chromedriverVersion: 98.0.4758.102 (273bf7ac8c90..., userDataDir: C:\Users\julia\AppData\Loca...}, goog:chromeOptions: {debuggerAddress: localhost:54220}, javascriptEnabled: true, networkConnectionEnabled: false, pageLoadStrategy: normal, platform: WINDOWS, platformName: WINDOWS, proxy: Proxy(), setWindowRect: true, strictFileInteractability: false, timeouts: {implicit: 0, pageLoad: 300000, script: 30000}, unhandledPromptBehavior: dismiss and notify, webauthn:extension:credBlob: true, webauthn:extension:largeBlob: true, webauthn:virtualAuthenticators: true}
Session ID: 0d4b8af2fbbbfead0de1ec23f0bc4b30
*** Element info: {Using=css selector, value=.icon-sm icon-add}
13:36:17  INFO  manager.MyListener - org.openqa.selenium.NoSuchElementException: no such element: Unable to locate element: {"method":"css selector","selector":".icon-sm icon-add"}
  (Session info: chrome=98.0.4758.102)
For documentation on this error, please visit: https://www.seleniumhq.org/exceptions/no_such_element.html
Build info: version: '3.141.59', revision: 'e82be7d358', time: '2018-11-14T08:17:03'
System info: host: 'LAPTOP-BETKQUU3', ip: '192.168.243.74', os.name: 'Windows 10', os.arch: 'amd64', os.version: '10.0', java.version: '1.8.0_301'
Driver info: org.openqa.selenium.chrome.ChromeDriver
Capabilities {acceptInsecureCerts: false, browserName: chrome, browserVersion: 98.0.4758.102, chrome: {chromedriverVersion: 98.0.4758.102 (273bf7ac8c90..., userDataDir: C:\Users\julia\AppData\Loca...}, goog:chromeOptions: {debuggerAddress: localhost:54220}, javascriptEnabled: true, networkConnectionEnabled: false, pageLoadStrategy: normal, platform: WINDOWS, platformName: WINDOWS, proxy: Proxy(), setWindowRect: true, strictFileInteractability: false, timeouts: {implicit: 0, pageLoad: 300000, script: 30000}, unhandledPromptBehavior: dismiss and notify, webauthn:extension:credBlob: true, webauthn:extension:largeBlob: true, webauthn:virtualAuthenticators: true}
Session ID: 0d4b8af2fbbbfead0de1ec23f0bc4b30
*** Element info: {Using=css selector, value=.icon-sm icon-add}
13:36:17  INFO  manager.MyListener - This is link of 'your screen' with error--scr/test/screenshots/screen2177.png
13:36:17  INFO  tests_trello.TestBase - ****************************************************************************************************************
