12:07:33  DEBUG i.g.b.wdm.cache.ResolutionCache - Removing resolution chrome=98 from cache (expired on Sun Feb 20 11:48:26 MSK 2022)
12:07:33  DEBUG o.a.h.c.h.i.c.InternalHttpClient - ex-00000001: preparing request execution
12:07:33  DEBUG o.a.h.c.h.protocol.RequestAddCookies - Cookie spec selected: strict
12:07:33  DEBUG o.a.h.c.h.protocol.RequestAuthCache - Auth cache not set in the context
12:07:33  DEBUG o.a.h.c.h.impl.classic.ProtocolExec - ex-00000001: target auth state: UNCHALLENGED
12:07:33  DEBUG o.a.h.c.h.impl.classic.ProtocolExec - ex-00000001: proxy auth state: UNCHALLENGED
12:07:33  DEBUG o.a.h.c.h.impl.classic.ConnectExec - ex-00000001: acquiring connection with route {s}->https://raw.githubusercontent.com:443
12:07:33  DEBUG o.a.h.c.h.i.c.InternalHttpClient - ex-00000001: acquiring endpoint (3 MINUTES)
12:07:33  DEBUG o.a.h.c.h.i.i.PoolingHttpClientConnectionManager - ex-00000001: endpoint lease request (3 MINUTES) [route: {s}->https://raw.githubusercontent.com:443][total available: 0; route allocated: 0 of 5; total allocated: 0 of 25]
12:07:33  DEBUG o.a.h.c.h.i.i.PoolingHttpClientConnectionManager - ex-00000001: endpoint leased [route: {s}->https://raw.githubusercontent.com:443][total available: 0; route allocated: 1 of 5; total allocated: 1 of 25]
12:07:33  DEBUG o.a.h.c.h.i.i.PoolingHttpClientConnectionManager - ex-00000001: acquired ep-00000000
12:07:33  DEBUG o.a.h.c.h.i.c.InternalHttpClient - ex-00000001: acquired endpoint ep-00000000
12:07:33  DEBUG o.a.h.c.h.impl.classic.ConnectExec - ex-00000001: opening connection {s}->https://raw.githubusercontent.com:443
12:07:33  DEBUG o.a.h.c.h.i.c.InternalHttpClient - ep-00000000: connecting endpoint (30 SECONDS)
12:07:33  DEBUG o.a.h.c.h.i.i.PoolingHttpClientConnectionManager - ep-00000000: connecting endpoint to https://raw.githubusercontent.com:443 (30 SECONDS)
12:07:33  DEBUG o.a.h.c.h.i.i.DefaultHttpClientConnectionOperator - http-outgoing-0: connecting to raw.githubusercontent.com/185.199.109.133:443
12:07:33  DEBUG o.a.h.c.h.s.SSLConnectionSocketFactory - Connecting socket to raw.githubusercontent.com/185.199.109.133:443 with timeout 30 SECONDS
12:07:33  DEBUG o.a.h.c.h.s.SSLConnectionSocketFactory - Enabled protocols: [TLSv1.2]
12:07:33  DEBUG o.a.h.c.h.s.SSLConnectionSocketFactory - Enabled cipher suites: [TLS_ECDHE_ECDSA_WITH_AES_256_GCM_SHA384, TLS_ECDHE_ECDSA_WITH_AES_128_GCM_SHA256, TLS_ECDHE_RSA_WITH_AES_256_GCM_SHA384, TLS_RSA_WITH_AES_256_GCM_SHA384, TLS_ECDH_ECDSA_WITH_AES_256_GCM_SHA384, TLS_ECDH_RSA_WITH_AES_256_GCM_SHA384, TLS_DHE_RSA_WITH_AES_256_GCM_SHA384, TLS_DHE_DSS_WITH_AES_256_GCM_SHA384, TLS_ECDHE_RSA_WITH_AES_128_GCM_SHA256, TLS_RSA_WITH_AES_128_GCM_SHA256, TLS_ECDH_ECDSA_WITH_AES_128_GCM_SHA256, TLS_ECDH_RSA_WITH_AES_128_GCM_SHA256, TLS_DHE_RSA_WITH_AES_128_GCM_SHA256, TLS_DHE_DSS_WITH_AES_128_GCM_SHA256, TLS_ECDHE_ECDSA_WITH_AES_256_CBC_SHA384, TLS_ECDHE_RSA_WITH_AES_256_CBC_SHA384, TLS_RSA_WITH_AES_256_CBC_SHA256, TLS_ECDH_ECDSA_WITH_AES_256_CBC_SHA384, TLS_ECDH_RSA_WITH_AES_256_CBC_SHA384, TLS_DHE_RSA_WITH_AES_256_CBC_SHA256, TLS_DHE_DSS_WITH_AES_256_CBC_SHA256, TLS_ECDHE_ECDSA_WITH_AES_256_CBC_SHA, TLS_ECDHE_RSA_WITH_AES_256_CBC_SHA, TLS_RSA_WITH_AES_256_CBC_SHA, TLS_ECDH_ECDSA_WITH_AES_256_CBC_SHA, TLS_ECDH_RSA_WITH_AES_256_CBC_SHA, TLS_DHE_RSA_WITH_AES_256_CBC_SHA, TLS_DHE_DSS_WITH_AES_256_CBC_SHA, TLS_ECDHE_ECDSA_WITH_AES_128_CBC_SHA256, TLS_ECDHE_RSA_WITH_AES_128_CBC_SHA256, TLS_RSA_WITH_AES_128_CBC_SHA256, TLS_ECDH_ECDSA_WITH_AES_128_CBC_SHA256, TLS_ECDH_RSA_WITH_AES_128_CBC_SHA256, TLS_DHE_RSA_WITH_AES_128_CBC_SHA256, TLS_DHE_DSS_WITH_AES_128_CBC_SHA256, TLS_ECDHE_ECDSA_WITH_AES_128_CBC_SHA, TLS_ECDHE_RSA_WITH_AES_128_CBC_SHA, TLS_RSA_WITH_AES_128_CBC_SHA, TLS_ECDH_ECDSA_WITH_AES_128_CBC_SHA, TLS_ECDH_RSA_WITH_AES_128_CBC_SHA, TLS_DHE_RSA_WITH_AES_128_CBC_SHA, TLS_DHE_DSS_WITH_AES_128_CBC_SHA, TLS_EMPTY_RENEGOTIATION_INFO_SCSV]
12:07:33  DEBUG o.a.h.c.h.s.SSLConnectionSocketFactory - Starting handshake
12:07:33  DEBUG o.a.h.c.h.s.SSLConnectionSocketFactory - Secure session established
12:07:33  DEBUG o.a.h.c.h.s.SSLConnectionSocketFactory -  negotiated protocol: TLSv1.2
12:07:33  DEBUG o.a.h.c.h.s.SSLConnectionSocketFactory -  negotiated cipher suite: TLS_ECDHE_RSA_WITH_AES_128_GCM_SHA256
12:07:33  DEBUG o.a.h.c.h.s.SSLConnectionSocketFactory -  peer principal: CN=www.github.com, O="GitHub, Inc.", L=San Francisco, ST=California, C=US
12:07:33  DEBUG o.a.h.c.h.s.SSLConnectionSocketFactory -  peer alternative names: [www.github.com, *.github.com, github.com, *.github.io, github.io, *.githubusercontent.com, githubusercontent.com]
12:07:33  DEBUG o.a.h.c.h.s.SSLConnectionSocketFactory -  issuer principal: CN=DigiCert SHA2 High Assurance Server CA, OU=www.digicert.com, O=DigiCert Inc, C=US
12:07:33  DEBUG o.a.h.c.h.i.i.DefaultHttpClientConnectionOperator - http-outgoing-0: connection established 192.168.243.74:59581<->185.199.109.133:443
12:07:33  DEBUG o.a.h.c.h.i.i.PoolingHttpClientConnectionManager - ep-00000000: connected http-outgoing-0
12:07:33  DEBUG o.a.h.c.h.i.c.InternalHttpClient - ep-00000000: endpoint connected
12:07:33  DEBUG o.a.h.c.h.i.classic.MainClientExec - ex-00000001: executing GET /bonigarcia/webdrivermanager/master/src/main/resources/commands.properties HTTP/1.1
12:07:33  DEBUG o.a.h.c.h.i.c.InternalHttpClient - ep-00000000: start execution ex-00000001
12:07:33  DEBUG o.a.h.c.h.i.i.PoolingHttpClientConnectionManager - ep-00000000: executing exchange ex-00000001 over http-outgoing-0
12:07:33  DEBUG org.apache.hc.client5.http.headers - http-outgoing-0 >> GET /bonigarcia/webdrivermanager/master/src/main/resources/commands.properties HTTP/1.1
12:07:33  DEBUG org.apache.hc.client5.http.headers - http-outgoing-0 >> user-agent: Apache-HttpClient/5.0
12:07:33  DEBUG org.apache.hc.client5.http.headers - http-outgoing-0 >> accept-encoding: gzip, deflate, br
12:07:33  DEBUG org.apache.hc.client5.http.headers - http-outgoing-0 >> cache-control: max-age=0
12:07:33  DEBUG org.apache.hc.client5.http.headers - http-outgoing-0 >> connection: keep-alive
12:07:33  DEBUG org.apache.hc.client5.http.headers - http-outgoing-0 >> Host: raw.githubusercontent.com
12:07:33  DEBUG org.apache.hc.client5.http.wire - http-outgoing-0 >> "GET /bonigarcia/webdrivermanager/master/src/main/resources/commands.properties HTTP/1.1[\r][\n]"
12:07:33  DEBUG org.apache.hc.client5.http.wire - http-outgoing-0 >> "user-agent: Apache-HttpClient/5.0[\r][\n]"
12:07:33  DEBUG org.apache.hc.client5.http.wire - http-outgoing-0 >> "accept-encoding: gzip, deflate, br[\r][\n]"
12:07:33  DEBUG org.apache.hc.client5.http.wire - http-outgoing-0 >> "cache-control: max-age=0[\r][\n]"
12:07:33  DEBUG org.apache.hc.client5.http.wire - http-outgoing-0 >> "connection: keep-alive[\r][\n]"
12:07:33  DEBUG org.apache.hc.client5.http.wire - http-outgoing-0 >> "Host: raw.githubusercontent.com[\r][\n]"
12:07:33  DEBUG org.apache.hc.client5.http.wire - http-outgoing-0 >> "[\r][\n]"
12:07:33  DEBUG org.apache.hc.client5.http.wire - http-outgoing-0 << "HTTP/1.1 200 OK[\r][\n]"
12:07:33  DEBUG org.apache.hc.client5.http.wire - http-outgoing-0 << "Connection: keep-alive[\r][\n]"
12:07:33  DEBUG org.apache.hc.client5.http.wire - http-outgoing-0 << "Content-Length: 728[\r][\n]"
12:07:33  DEBUG org.apache.hc.client5.http.wire - http-outgoing-0 << "Cache-Control: max-age=300[\r][\n]"
12:07:33  DEBUG org.apache.hc.client5.http.wire - http-outgoing-0 << "Content-Security-Policy: default-src 'none'; style-src 'unsafe-inline'; sandbox[\r][\n]"
12:07:33  DEBUG org.apache.hc.client5.http.wire - http-outgoing-0 << "Content-Type: text/plain; charset=utf-8[\r][\n]"
12:07:33  DEBUG org.apache.hc.client5.http.wire - http-outgoing-0 << "ETag: W/"f670816d6bfbef80584dadbb549bb9c4ccd5de869d5b63cc2a694a74613014b5"[\r][\n]"
12:07:33  DEBUG org.apache.hc.client5.http.wire - http-outgoing-0 << "Strict-Transport-Security: max-age=31536000[\r][\n]"
12:07:33  DEBUG org.apache.hc.client5.http.wire - http-outgoing-0 << "X-Content-Type-Options: nosniff[\r][\n]"
12:07:33  DEBUG org.apache.hc.client5.http.wire - http-outgoing-0 << "X-Frame-Options: deny[\r][\n]"
12:07:33  DEBUG org.apache.hc.client5.http.wire - http-outgoing-0 << "X-XSS-Protection: 1; mode=block[\r][\n]"
12:07:33  DEBUG org.apache.hc.client5.http.wire - http-outgoing-0 << "X-GitHub-Request-Id: C2A6:903E:522550:63AA60:6211F2B4[\r][\n]"
12:07:33  DEBUG org.apache.hc.client5.http.wire - http-outgoing-0 << "Content-Encoding: gzip[\r][\n]"
12:07:33  DEBUG org.apache.hc.client5.http.wire - http-outgoing-0 << "Accept-Ranges: bytes[\r][\n]"
12:07:33  DEBUG org.apache.hc.client5.http.wire - http-outgoing-0 << "Date: Sun, 20 Feb 2022 09:07:33 GMT[\r][\n]"
12:07:33  DEBUG org.apache.hc.client5.http.wire - http-outgoing-0 << "Via: 1.1 varnish[\r][\n]"
12:07:33  DEBUG org.apache.hc.client5.http.wire - http-outgoing-0 << "X-Served-By: cache-fra19135-FRA[\r][\n]"
12:07:33  DEBUG org.apache.hc.client5.http.wire - http-outgoing-0 << "X-Cache: HIT[\r][\n]"
12:07:33  DEBUG org.apache.hc.client5.http.wire - http-outgoing-0 << "X-Cache-Hits: 1[\r][\n]"
12:07:33  DEBUG org.apache.hc.client5.http.wire - http-outgoing-0 << "X-Timer: S1645348054.572297,VS0,VE1[\r][\n]"
12:07:33  DEBUG org.apache.hc.client5.http.wire - http-outgoing-0 << "Vary: Authorization,Accept-Encoding,Origin[\r][\n]"
12:07:33  DEBUG org.apache.hc.client5.http.wire - http-outgoing-0 << "Access-Control-Allow-Origin: *[\r][\n]"
12:07:33  DEBUG org.apache.hc.client5.http.wire - http-outgoing-0 << "X-Fastly-Request-ID: a0775a434bb0c0b7511567d3504b24d1feffd0e0[\r][\n]"
12:07:33  DEBUG org.apache.hc.client5.http.wire - http-outgoing-0 << "Expires: Sun, 20 Feb 2022 09:12:33 GMT[\r][\n]"
12:07:33  DEBUG org.apache.hc.client5.http.wire - http-outgoing-0 << "Source-Age: 271[\r][\n]"
12:07:33  DEBUG org.apache.hc.client5.http.wire - http-outgoing-0 << "[\r][\n]"
12:07:33  DEBUG org.apache.hc.client5.http.headers - http-outgoing-0 << HTTP/1.1 200 OK
12:07:33  DEBUG org.apache.hc.client5.http.headers - http-outgoing-0 << Connection: keep-alive
12:07:33  DEBUG org.apache.hc.client5.http.headers - http-outgoing-0 << Content-Length: 728
12:07:33  DEBUG org.apache.hc.client5.http.headers - http-outgoing-0 << Cache-Control: max-age=300
12:07:33  DEBUG org.apache.hc.client5.http.headers - http-outgoing-0 << Content-Security-Policy: default-src 'none'; style-src 'unsafe-inline'; sandbox
12:07:33  DEBUG org.apache.hc.client5.http.headers - http-outgoing-0 << Content-Type: text/plain; charset=utf-8
12:07:33  DEBUG org.apache.hc.client5.http.headers - http-outgoing-0 << ETag: W/"f670816d6bfbef80584dadbb549bb9c4ccd5de869d5b63cc2a694a74613014b5"
12:07:33  DEBUG org.apache.hc.client5.http.headers - http-outgoing-0 << Strict-Transport-Security: max-age=31536000
12:07:33  DEBUG org.apache.hc.client5.http.headers - http-outgoing-0 << X-Content-Type-Options: nosniff
12:07:33  DEBUG org.apache.hc.client5.http.headers - http-outgoing-0 << X-Frame-Options: deny
12:07:33  DEBUG org.apache.hc.client5.http.headers - http-outgoing-0 << X-XSS-Protection: 1; mode=block
12:07:33  DEBUG org.apache.hc.client5.http.headers - http-outgoing-0 << X-GitHub-Request-Id: C2A6:903E:522550:63AA60:6211F2B4
12:07:33  DEBUG org.apache.hc.client5.http.headers - http-outgoing-0 << Content-Encoding: gzip
12:07:33  DEBUG org.apache.hc.client5.http.headers - http-outgoing-0 << Accept-Ranges: bytes
12:07:33  DEBUG org.apache.hc.client5.http.headers - http-outgoing-0 << Date: Sun, 20 Feb 2022 09:07:33 GMT
12:07:33  DEBUG org.apache.hc.client5.http.headers - http-outgoing-0 << Via: 1.1 varnish
12:07:33  DEBUG org.apache.hc.client5.http.headers - http-outgoing-0 << X-Served-By: cache-fra19135-FRA
12:07:33  DEBUG org.apache.hc.client5.http.headers - http-outgoing-0 << X-Cache: HIT
12:07:33  DEBUG org.apache.hc.client5.http.headers - http-outgoing-0 << X-Cache-Hits: 1
12:07:33  DEBUG org.apache.hc.client5.http.headers - http-outgoing-0 << X-Timer: S1645348054.572297,VS0,VE1
12:07:33  DEBUG org.apache.hc.client5.http.headers - http-outgoing-0 << Vary: Authorization,Accept-Encoding,Origin
12:07:33  DEBUG org.apache.hc.client5.http.headers - http-outgoing-0 << Access-Control-Allow-Origin: *
12:07:33  DEBUG org.apache.hc.client5.http.headers - http-outgoing-0 << X-Fastly-Request-ID: a0775a434bb0c0b7511567d3504b24d1feffd0e0
12:07:33  DEBUG org.apache.hc.client5.http.headers - http-outgoing-0 << Expires: Sun, 20 Feb 2022 09:12:33 GMT
12:07:33  DEBUG org.apache.hc.client5.http.headers - http-outgoing-0 << Source-Age: 271
12:07:33  DEBUG o.a.h.c.h.i.classic.MainClientExec - ex-00000001: connection can be kept alive for 3 MINUTES
12:07:33  DEBUG org.apache.hc.client5.http.wire - http-outgoing-0 << "[0x1f][0xffffff8b][0x8][0x0][0x0][0x0][0x0][0x0][0x0][0x3][0xffffffb5]V]o[0xffffffda]0[0x14]}[0xffffffe7]W\[0xffffff81]*[0xffffffb5][0x12][0x1f][[M[0xffffffd3]$[0x1e]hF[0xffffffbb]i [0x18][0xffffffb4][0xffffffdd]&[0xfffffff9][0xffffffc5]Mn[0xffffff82][0xffffffa5]$Fv([0xffffffed]~[0xfffffffd]l[0xffffffe7]c$u[0x6]k[0xffffffe8][l_[0xffffff9f]s|[0xffffffef]q|;[0xffffffe0][0xfffffff0]([0xffffffa2][0xffffffb1]'[0xffffffc1][0xffffffa3][0x9]}[0xffffffa0][0x12][[0x1d][0xffffffb8]]1[0x9]>[0xb][0x11]\[0x1e]'[0xffffff94][0xffffffc5][0x12][0xffffff92][0xffffff95][0x1e]d[0xffffffa1][0x9][0xffffff87][0x7][0x4]|Bw[0xffffff93][0xffffffa0][0x7],6[0xffffffcb]r[0xffffff85]a[0xffffffa8][0x7]\x(t[0xffffff90][0xffffff87][0x9][0xffffffba][0xffffff89]Y|D![0x19]Wk>[0xffffffa0][0xfffffffa][0xe][0x4]b[0xc][0xf][0xffffff82]o[0xffffffa5]ZP[0xffffff94][0xffffffa7][0xffffffce]J[0xfffffff0][0x8][0xffffffbb]p[0xffffffcd][0x4][0xfffffffa][0xfffffffc][0xffffffa9][0xb][0xffffffb3]5[\n]"
12:07:33  DEBUG org.apache.hc.client5.http.wire - http-outgoing-0 << "[0xffffffda][0xffffff85][0xffffffb1][0x17][0xffffffa8]Y[0xffffffb3][0xffffffca]6[0xffffffd1][0xffffff99][0xffffffc6][0xfffffff7][0xffffff98][0xffffffef][0xffffffa3][0xffffffc0]8[0x1][0xffffffae]c[0x12][0x16][0x7] [0xffffff9f]e[0xffffff82][0xffffff91][0xffffff84][0xffffffd3][0x1f],[0xfffffff6][0x14]j[0x17]&,[0xffffffde]([0xffffff98])ua[0xffffffb6]<k)[0xffffff8e][0xffffff94][0xffffffa2][0xffffff95][0x1d][0xffffffa3][0xffffffef][0xffffff9a]a[0x7f][0xffffff9b]n[0xffffffe8][0xffffffbf]{?t#[0xffffffaf][0xffffffaf]N[0x5][0x3][0x7][0xffffffb6][0x11]sMJL[0x1a][0xffffffb6]+[0xffffffc5][0x7]1[0xffffff8d]p[0xffffffd8]>[0xffffff99]/f7[0xffffff8b][0xffffffd1][0xfffffff4][0xfffffffa][0xffffffeb]d[0xffffffbc]<[0xfffffffd][0xfffffff9][0xfffffff1][0xffffffc3][0xffffffd9]'2$[0xffffffe4][0xffffff84][0xffffff90][0x1b][0xffffffce][0xffffff83][0x10][0x9]Iy[0x8][0x19][0xffffffad][0xffffffd7]!s[0xffffff95]>[0x1e][0x13][0xffffff92][0xffffffb1])[0xfffffff8]6[0x4][0xffffff98][0xffffffc0]}[0xffffff96][0xffffff90][0xffffffc1]#[\r]7[0xfffffff5][0xffffffa2][0xffffffce][0xf][0x14]5[0xffffff99]9[0xffffffa3][0xffffffc9]h>[0xffffffff]<[0xffffffba][0x1d][0xffffffbd][0xffffffa5][0xffffff9e][0xffffff8b]W$[0xffffffe9]-[0xfffffff5]\[0xe][0x17][0xffffffe3][0x1b][0xfffffff8]~7^[0xfffffffc][0xffffff82]/[0xffffffdf][0xffffff9c];[0xffffffb2][0xffffffe4]~[0xffffffb2][0xffffffa5][0x2]s[0xffffffb6][0xffffff8c][0xffffffec]jr[0xffffff85][0xffffffd4]5x[0xffffffb9][0x17][U[0xffffffd0]P;F[0xfffffffb] 0[{[0xffffffe9]4[0xfffffff4]zu[0x1b]"[0xffffffea][0xffffffea][0xfffffff0][0xffffffc1][0xffffffce]A[0xffffffe4] [0xffffffe5][0xffffffcd][0xffffffcc][0xffffffd6][0xffffffa7][0xffffffeb][0xfffffff5][0xffffffc0]Q[0xffffff97]H[0xffffffb9]U[0xe][0xffffff94][0x17]g[0xffffffcb]r[0xffffffc0].[0xffffffba][0xffffffb2]h[0xffffffe6][0xfffffffe][0xffffff82][0xffffffc8]O[0xffffffc7][0xffffffcd]L[0xffffff9a][0xffffffe7][0x7f][0xffffffca][0x7f][0xffffffb3]0[0xffffffa4]9[0x9]!9[0xfffffffa][0xffffffbe][0xffffffa4][0xffffffbf]Pq[0xffffffa8]+k[0xffffffaf][0xffffffca][0xfffffff1][0xffffffa4]\[0xffffffec][0x18][0xffffffa0]]v@FR%kk[0xf]8[0x1b][0xffffffa1][0xffffffff] [0xfffffff7][0xffffffd5][0xffffffca][0xffffffe6][0xfffffff8][0xffffff85][0x17][0xffffffb2][0x9][0xffffffe8]=[0xffffffbe][0xc][0xffffffb2][0xffffffd6]?c[0xffffffb1]U~[0x17]K[0x15][[0xffffffff][0xffffffda][\n]"
12:07:33  DEBUG org.apache.hc.client5.http.wire - http-outgoing-0 << "LT[0xffffff83]#[0xfffffffe][0xffffff8b][0xffffffa6][0xffffffcc][0x15]\[0xffffffaa]L[0x10][0xffffffa2]i*[0xffffff97]-[0xffffff92][0xffffff86]n_[0xffffffb2][0xffffffcb][0xffffff9a]^S[0xfffffff4]7[0xffffff94]sQ{[0xfffffff3][0xffffffff][0xffffff92][0x19][0xffffffae][0x7f]^}[0xffffff83]Y[0x14];[0xffffffca]w[0xfffffff6][0xfffffff4][0xffffffbc][0xffffffed][0xffffffe6][0xffffff9b]xk[0xffffffdd][0xb]VSW[[0xfffffff9][0xffffffcb][0x11]P[0xffffffba][0xfffffff8][0xffffffe6][0xffffffb5]+X[0xffffffcc][0xffffffbb][0xfffffff6][0xffffffff]n[0xffffffb0]=[0x2]s[0xffffffc1][0x3]A#I[0xffffff88][0xffffffa1] $[0xffffffa4][0xffffff9b][0xffffffd8]U[0xffffffbb][0xfffffff6][0xffffffa6][0xffffffbb]"[0xffffffa2]I[0xfffffff9][0xffffff8f]&[0xffffffe2][0xffffffd0][0xffffffe7][0xffffffc7][0xffffff96][0xffffff89][0xffffff86][0xffffffd4][0xffffff97][\r][0xffffffce][0x7f](u[0xffffff85][0xffffffbb][0xfffffff0][0xffffffa5][0x19][0xffffffda][0xffffffec][0xffffff98][0xffffffc6]Y[0xfffffffd]h8m6[0xffffff9c]U[0xffffffc1][0xfffffff2][0xffffffd6]H[0xfffffff5]W[0xffffffe5][0x17]NM[0x1c][0xffffffc7][0xffffff84]9|[0xffffff83]7[0xffffffbf][0xffffffa4][0xffffffa5][0xfffffff1][0xfffffffb]slAM[0xffffffda][0xffffffa2]ck[0xffffffa9]o[0xffffff89][\n]"
12:07:33  DEBUG org.apache.hc.client5.http.wire - http-outgoing-0 << "[0xffffffa6][0xfffffffd][0xffffffdd][0xffffff90]F,[0xffffffec][0xffffff97][0xffffffcf][0xfffffff4][0xffffffb2][0xffffff86]}[0xffffffc7]<u[0xffffff9b][0xffffffce][0xffffff8b]M[0xffffffb5][0xfffffffd][0xffffff93][0xffffff8e][0xffffffb6]:7[0xffffff97]i3[0xffffffaf]cA[0xffffffed][0xffffffc0][0xffffff92][0xfffffffa]T[0xffffffb0][0x2]^[0xffffff9a][0xffffffa1][0x1d]<[\r][0xffffffb5]A[0xffffffa7]+;[0xffffffc0][0x7f][0x0][0xffffffb2]$|[0xffffff88][0x1d][\r][0x0][0x0]"
12:07:33  DEBUG o.a.h.c.h.i.c.InternalHttpClient - ep-00000000: releasing valid endpoint
12:07:33  DEBUG o.a.h.c.h.i.i.PoolingHttpClientConnectionManager - ep-00000000: releasing endpoint
12:07:33  DEBUG o.a.h.c.h.i.i.PoolingHttpClientConnectionManager - ep-00000000: connection http-outgoing-0 can be kept alive for 3 MINUTES
12:07:33  DEBUG o.a.h.c.h.i.i.PoolingHttpClientConnectionManager - ep-00000000: connection released [route: {s}->https://raw.githubusercontent.com:443][total available: 1; route allocated: 1 of 5; total allocated: 1 of 25]
12:07:33  DEBUG i.g.b.wdm.versions.VersionDetector - Detecting chrome version using online commands.properties
12:07:33  DEBUG i.g.bonigarcia.wdm.versions.Shell - Running command on the shell: [cmd.exe, /C, wmic, datafile, where, name="%PROGRAMFILES(X86):\=\\%\\Google\\Chrome\\Application\\chrome.exe", get, Version, /value]
12:07:33  DEBUG i.g.bonigarcia.wdm.versions.Shell - Result: 
12:07:33  DEBUG i.g.bonigarcia.wdm.versions.Shell - Running command on the shell: [cmd.exe, /C, wmic, datafile, where, name="%LOCALAPPDATA:\=\\%\\Google\\Chrome\\Application\\chrome.exe", get, Version, /value]
12:07:33  DEBUG i.g.bonigarcia.wdm.versions.Shell - Result: 
12:07:33  DEBUG i.g.bonigarcia.wdm.versions.Shell - Running command on the shell: [cmd.exe, /C, wmic, datafile, where, name="%PROGRAMFILES:\=\\%\\Google\\Chrome\\Application\\chrome.exe", get, Version, /value]
12:07:34  DEBUG i.g.bonigarcia.wdm.versions.Shell - Result: Version=98.0.4758.102
12:07:34  DEBUG i.g.b.wdm.cache.ResolutionCache - Resolution chrome98=98.0.4758.102 in cache (valid until 10:48:26 21/02/2022 MSK)
12:07:34  INFO  i.g.bonigarcia.wdm.WebDriverManager - Using chromedriver 98.0.4758.102 (resolved driver for Chrome 98)
12:07:34  DEBUG i.g.b.wdm.cache.ResolutionCache - Storing resolution chrome=98 in cache (valid until 13:07:34 20/02/2022 MSK)
12:07:34  DEBUG i.g.bonigarcia.wdm.WebDriverManager - Driver chromedriver 98.0.4758.102 found in cache
12:07:34  INFO  i.g.bonigarcia.wdm.WebDriverManager - Exporting webdriver.chrome.driver as C:\Users\julia\.cache\selenium\chromedriver\win32\98.0.4758.102\chromedriver.exe
12:07:35  INFO  manager.ApplicationManager - Tests starts
12:08:06  INFO  tests_trello.TestBase - Start test--->boardCreationTestNew
12:08:06  INFO  tests_trello.TestBase - Board creation : --->Board(title=testQa31)
12:08:06  INFO  manager.MyListener - The element with locator---By.cssSelector: .boards-page-board-section-list-item
12:08:06  INFO  manager.MyListener - The element with locator---By.cssSelector: .boards-page-board-section-list-item --- was found
12:08:06  INFO  manager.MyListener - The element with locator---By.xpath: //*[contains(@class,'icon-clock')]/../../..//li
12:08:16  INFO  manager.MyListener - The element with locator---By.xpath: //*[contains(@class,'icon-clock')]/../../..//li --- was found
12:08:16  INFO  manager.MyListener - The element with locator---By.cssSelector: [data-test-id='header-create-menu-button']
12:08:16  INFO  manager.MyListener - The element with locator---By.cssSelector: [data-test-id='header-create-menu-button'] --- was found
12:08:16  INFO  manager.MyListener - The element with locator---By.cssSelector: [aria-label='BoardIcon']
12:08:16  INFO  manager.MyListener - The element with locator---By.cssSelector: [aria-label='BoardIcon'] --- was found
12:08:16  INFO  manager.MyListener - The element with locator---By.cssSelector: [data-test-id='create-board-title-input']
12:08:16  INFO  manager.MyListener - The element with locator---By.cssSelector: [data-test-id='create-board-title-input'] --- was found
12:08:16  INFO  manager.MyListener - The element with locator---By.cssSelector: [data-test-id='create-board-title-input']
12:08:17  INFO  manager.MyListener - The element with locator---By.cssSelector: [data-test-id='create-board-title-input'] --- was found
12:08:17  INFO  manager.MyListener - The element with locator---By.cssSelector: [data-test-id='create-board-title-input']
12:08:17  INFO  manager.MyListener - The element with locator---By.cssSelector: [data-test-id='create-board-title-input'] --- was found
12:08:17  INFO  manager.MyListener - The element with locator---By.cssSelector: [data-test-id='header-create-menu-popover']
12:08:17  INFO  manager.MyListener - The element with locator---By.cssSelector: [data-test-id='header-create-menu-popover'] --- was found
12:08:17  INFO  manager.MyListener - The element with locator---By.cssSelector: [data-test-id='create-board-submit-button']
12:08:17  INFO  manager.MyListener - The element with locator---By.cssSelector: [data-test-id='create-board-submit-button'] --- was found
12:08:17  INFO  manager.MyListener - The element with locator---By.cssSelector: .js-add-list
12:08:27  INFO  manager.MyListener - We have a 'trowable'--no such element: Unable to locate element: {"method":"css selector","selector":".js-add-list"}
  (Session info: chrome=98.0.4758.102)
For documentation on this error, please visit: https://www.seleniumhq.org/exceptions/no_such_element.html
Build info: version: '3.141.59', revision: 'e82be7d358', time: '2018-11-14T08:17:03'
System info: host: 'LAPTOP-BETKQUU3', ip: '192.168.243.74', os.name: 'Windows 10', os.arch: 'amd64', os.version: '10.0', java.version: '1.8.0_301'
Driver info: org.openqa.selenium.chrome.ChromeDriver
Capabilities {acceptInsecureCerts: false, browserName: chrome, browserVersion: 98.0.4758.102, chrome: {chromedriverVersion: 98.0.4758.102 (273bf7ac8c90..., userDataDir: C:\Users\julia\AppData\Loca...}, goog:chromeOptions: {debuggerAddress: localhost:59586}, javascriptEnabled: true, networkConnectionEnabled: false, pageLoadStrategy: normal, platform: WINDOWS, platformName: WINDOWS, proxy: Proxy(), setWindowRect: true, strictFileInteractability: false, timeouts: {implicit: 0, pageLoad: 300000, script: 30000}, unhandledPromptBehavior: dismiss and notify, webauthn:extension:credBlob: true, webauthn:extension:largeBlob: true, webauthn:virtualAuthenticators: true}
Session ID: 0dc4e7ae0a8458889724e91dfb94ba0e
*** Element info: {Using=css selector, value=.js-add-list}
12:08:27  INFO  manager.MyListener - org.openqa.selenium.NoSuchElementException: no such element: Unable to locate element: {"method":"css selector","selector":".js-add-list"}
  (Session info: chrome=98.0.4758.102)
For documentation on this error, please visit: https://www.seleniumhq.org/exceptions/no_such_element.html
Build info: version: '3.141.59', revision: 'e82be7d358', time: '2018-11-14T08:17:03'
System info: host: 'LAPTOP-BETKQUU3', ip: '192.168.243.74', os.name: 'Windows 10', os.arch: 'amd64', os.version: '10.0', java.version: '1.8.0_301'
Driver info: org.openqa.selenium.chrome.ChromeDriver
Capabilities {acceptInsecureCerts: false, browserName: chrome, browserVersion: 98.0.4758.102, chrome: {chromedriverVersion: 98.0.4758.102 (273bf7ac8c90..., userDataDir: C:\Users\julia\AppData\Loca...}, goog:chromeOptions: {debuggerAddress: localhost:59586}, javascriptEnabled: true, networkConnectionEnabled: false, pageLoadStrategy: normal, platform: WINDOWS, platformName: WINDOWS, proxy: Proxy(), setWindowRect: true, strictFileInteractability: false, timeouts: {implicit: 0, pageLoad: 300000, script: 30000}, unhandledPromptBehavior: dismiss and notify, webauthn:extension:credBlob: true, webauthn:extension:largeBlob: true, webauthn:virtualAuthenticators: true}
Session ID: 0dc4e7ae0a8458889724e91dfb94ba0e
*** Element info: {Using=css selector, value=.js-add-list}
12:08:27  INFO  manager.MyListener - This is link of 'your screen' with error--scr/test/screenshots/screen507.png
12:08:28  INFO  tests_trello.TestBase - ****************************************************************************************************************
12:08:28  INFO  manager.ApplicationManager - Tests are finished
