13:26:40  INFO  manager.ApplicationManager - Tests starts
13:27:11  INFO  tests_trello.TestBase - Start test--->loginTest1
13:27:11  INFO  manager.MyListener - The element with locator---By.cssSelector: [data-test-id='header-member-menu-button'
13:27:11  INFO  manager.MyListener - The element with locator---By.cssSelector: [data-test-id='header-member-menu-button' --- was found
13:27:11  INFO  manager.MyListener - The element with locator---By.cssSelector: [data-test-id='header-member-menu-button'
13:27:11  INFO  manager.MyListener - The element with locator---By.cssSelector: [data-test-id='header-member-menu-button' --- was found
13:27:11  INFO  manager.MyListener - The element with locator---By.cssSelector: [data-test-id='header-member-menu-logout']
13:27:11  INFO  manager.MyListener - The element with locator---By.cssSelector: [data-test-id='header-member-menu-logout'] --- was found
13:27:12  INFO  manager.MyListener - The element with locator---By.cssSelector: [data-testid='logout-button']
13:27:12  INFO  manager.MyListener - The element with locator---By.cssSelector: [data-testid='logout-button'] --- was found
13:27:13  INFO  tests_trello.TestBase - Test Login Positive 1juliakliot.jk@gmail.com misha240613
13:27:13  INFO  manager.MyListener - The element with locator---By.cssSelector: [href='/login']
13:27:16  INFO  manager.MyListener - The element with locator---By.cssSelector: [href='/login'] --- was found
13:27:16  INFO  manager.MyListener - The element with locator---By.cssSelector: #user
13:27:16  INFO  manager.MyListener - The element with locator---By.cssSelector: #user --- was found
13:27:16  INFO  manager.MyListener - The element with locator---By.cssSelector: #user
13:27:16  INFO  manager.MyListener - The element with locator---By.cssSelector: #user --- was found
13:27:16  INFO  manager.MyListener - The element with locator---By.cssSelector: #user
13:27:16  INFO  manager.MyListener - The element with locator---By.cssSelector: #user --- was found
13:27:21  INFO  manager.MyListener - The element with locator---By.cssSelector: #login
13:27:22  INFO  manager.MyListener - The element with locator---By.cssSelector: #login --- was found
13:27:22  INFO  manager.MyListener - The element with locator---By.name: password
13:27:22  INFO  manager.MyListener - The element with locator---By.name: password --- was found
13:27:22  INFO  manager.MyListener - The element with locator---By.name: password
13:27:22  INFO  manager.MyListener - The element with locator---By.name: password --- was found
13:27:23  INFO  manager.MyListener - The element with locator---By.name: password
13:27:23  INFO  manager.MyListener - The element with locator---By.name: password --- was found
13:27:23  INFO  manager.MyListener - The element with locator---By.cssSelector: #login-submit
13:27:23  INFO  manager.MyListener - The element with locator---By.cssSelector: #login-submit --- was found
13:27:23  INFO  manager.MyListener - The element with locator---By.cssSelector: ._2rcHhualJmVHjs
13:27:27  INFO  manager.MyListener - The element with locator---By.cssSelector: ._2rcHhualJmVHjs --- was found
13:27:27  INFO  manager.MyListener - The element with locator---By.cssSelector: ._2rcHhualJmVHjs
13:27:27  INFO  manager.MyListener - The element with locator---By.cssSelector: ._2rcHhualJmVHjs --- was found
13:27:27  INFO  manager.MyListener - The element with locator---By.cssSelector: ._2rcHhualJmVHjs
13:27:27  INFO  manager.MyListener - The element with locator---By.cssSelector: ._2rcHhualJmVHjs --- was found
13:27:27  INFO  manager.MyListener - The element with locator---By.cssSelector: ._2rcHhualJmVHjs
13:27:27  INFO  manager.MyListener - The element with locator---By.cssSelector: ._2rcHhualJmVHjs --- was found
13:27:27  INFO  tests_trello.TestBase - ****************************************************************************************************************
