13:14:52  INFO  manager.ApplicationManager - Tests starts
13:16:01  INFO  tests_trello.TestBase - Start test--->loginTest1
13:16:01  INFO  manager.MyListener - The element with locator---By.cssSelector: [data-test-id='header-member-menu-button'
13:16:01  INFO  manager.MyListener - The element with locator---By.cssSelector: [data-test-id='header-member-menu-button' --- was found
13:16:01  INFO  manager.MyListener - The element with locator---By.cssSelector: [data-test-id='header-member-menu-button'
13:16:01  INFO  manager.MyListener - The element with locator---By.cssSelector: [data-test-id='header-member-menu-button' --- was found
13:16:01  INFO  manager.MyListener - The element with locator---By.cssSelector: [data-test-id='header-member-menu-logout']
13:16:01  INFO  manager.MyListener - The element with locator---By.cssSelector: [data-test-id='header-member-menu-logout'] --- was found
13:16:02  INFO  manager.MyListener - The element with locator---By.cssSelector: [data-testid='logout-button']
13:16:02  INFO  manager.MyListener - The element with locator---By.cssSelector: [data-testid='logout-button'] --- was found
13:16:03  INFO  tests_trello.TestBase - Test Login Positive 1juliakliot.jk@gmail.com misha240613
13:16:03  INFO  manager.MyListener - The element with locator---By.cssSelector: [href='/login']
13:16:44  INFO  manager.MyListener - The element with locator---By.cssSelector: [href='/login'] --- was found
13:16:44  INFO  manager.MyListener - The element with locator---By.cssSelector: #user
13:16:45  INFO  manager.MyListener - The element with locator---By.cssSelector: #user --- was found
13:16:45  INFO  manager.MyListener - The element with locator---By.cssSelector: #user
13:16:45  INFO  manager.MyListener - The element with locator---By.cssSelector: #user --- was found
13:16:45  INFO  manager.MyListener - The element with locator---By.cssSelector: #user
13:16:45  INFO  manager.MyListener - The element with locator---By.cssSelector: #user --- was found
13:16:50  INFO  manager.MyListener - The element with locator---By.cssSelector: #login
13:16:50  INFO  manager.MyListener - The element with locator---By.cssSelector: #login --- was found
13:16:51  INFO  manager.MyListener - The element with locator---By.name: password
13:16:51  INFO  manager.MyListener - The element with locator---By.name: password --- was found
13:16:51  INFO  manager.MyListener - The element with locator---By.name: password
13:16:51  INFO  manager.MyListener - The element with locator---By.name: password --- was found
13:16:51  INFO  manager.MyListener - The element with locator---By.name: password
13:16:51  INFO  manager.MyListener - The element with locator---By.name: password --- was found
13:16:51  INFO  manager.MyListener - The element with locator---By.cssSelector: #login-submit
13:16:51  INFO  manager.MyListener - The element with locator---By.cssSelector: #login-submit --- was found
13:16:51  INFO  tests_trello.TestBase - ****************************************************************************************************************
